<?xml version="1.0" encoding="UTF-8"?>
<testng-results ignored="2" total="7" passed="5" failed="0" skipped="0">
  <reporter-output>
  </reporter-output>
  <suite started-at="2021-08-02T22:58:55 EDT" name="SuiteName" finished-at="2021-08-02T22:58:55 EDT" duration-ms="150">
    <groups>
    </groups>
    <test started-at="2021-08-02T22:58:55 EDT" name="HousingTest" finished-at="2021-08-02T22:58:55 EDT" duration-ms="150">
      <class name="TestNGPractice.HousingLoan">
        <test-method signature="HomeTest1(java.lang.String)[pri:0, instance:TestNGPractice.HousingLoan@5cee5251]" started-at="2021-08-02T22:58:55 EDT" name="HomeTest1" finished-at="2021-08-02T22:58:55 EDT" duration-ms="21" status="PASS">
          <params>
            <param index="0">
              <value>
                <![CDATA[http://googlehouse.com]]>
              </value>
            </param>
          </params>
          <reporter-output>
          </reporter-output>
        </test-method> <!-- HomeTest1 -->
        <test-method signature="HomeTest2()[pri:0, instance:TestNGPractice.HousingLoan@5cee5251]" started-at="2021-08-02T22:58:55 EDT" name="HomeTest2" finished-at="2021-08-02T22:58:55 EDT" duration-ms="3" status="PASS">
          <reporter-output>
          </reporter-output>
        </test-method> <!-- HomeTest2 -->
        <test-method signature="HomeTest3(java.lang.String)[pri:0, instance:TestNGPractice.HousingLoan@5cee5251]" started-at="2021-08-02T22:58:55 EDT" name="HomeTest3" finished-at="2021-08-02T22:58:55 EDT" duration-ms="5" status="PASS">
          <params>
            <param index="0">
              <value>
                <![CDATA[http://google.com]]>
              </value>
            </param>
          </params>
          <reporter-output>
          </reporter-output>
        </test-method> <!-- HomeTest3 -->
      </class> <!-- TestNGPractice.HousingLoan -->
    </test> <!-- HousingTest -->
    <test started-at="2021-08-02T22:58:55 EDT" name="PersonalLoan" finished-at="2021-08-02T22:58:55 EDT" duration-ms="21">
    </test> <!-- PersonalLoan -->
    <test started-at="2021-08-02T22:58:55 EDT" name="CarTest" finished-at="2021-08-02T22:58:55 EDT" duration-ms="150">
      <class name="TestNGPractice.CarLoan">
        <test-method signature="CarTest(java.lang.String)[pri:0, instance:TestNGPractice.CarLoan@72f926e6]" started-at="2021-08-02T22:58:55 EDT" name="CarTest" finished-at="2021-08-02T22:58:55 EDT" duration-ms="21" status="PASS">
          <params>
            <param index="0">
              <value>
                <![CDATA[http://googlecar.com]]>
              </value>
            </param>
          </params>
          <reporter-output>
          </reporter-output>
        </test-method> <!-- CarTest -->
        <test-method signature="CarTest2(java.lang.String)[pri:0, instance:TestNGPractice.CarLoan@72f926e6]" started-at="2021-08-02T22:58:55 EDT" name="CarTest2" finished-at="2021-08-02T22:58:55 EDT" duration-ms="5" status="PASS">
          <params>
            <param index="0">
              <value>
                <![CDATA[http://google.com]]>
              </value>
            </param>
          </params>
          <reporter-output>
          </reporter-output>
        </test-method> <!-- CarTest2 -->
      </class> <!-- TestNGPractice.CarLoan -->
    </test> <!-- CarTest -->
  </suite> <!-- SuiteName -->
</testng-results>
