<?xml version="1.0" encoding="UTF-8"?>
<!-- Generated by org.testng.reporters.JUnitXMLReporter -->
<testsuite ignored="1" hostname="DESKTOP-303B9DJ" failures="0" tests="2" name="CarTest" time="0.15" errors="0" timestamp="2021-08-02T22:58:55 EDT">
  <testcase classname="TestNGPractice.CarLoan" name="CarTest" time="0.021"/>
  <testcase classname="TestNGPractice.CarLoan" name="CarTest2" time="0.005"/>
  <testcase classname="TestNGPractice.CarLoan" name="CarTest1" time="0.0">
    <ignored/>
  </testcase> <!-- CarTest1 -->
</testsuite> <!-- CarTest -->
