<?xml version="1.0" encoding="UTF-8"?>
<!-- Generated by org.testng.reporters.JUnitXMLReporter -->
<testsuite ignored="1" hostname="DESKTOP-303B9DJ" failures="0" tests="3" name="HousingTest" time="0.15" errors="0" timestamp="2021-08-02T22:58:55 EDT">
  <testcase classname="TestNGPractice.HousingLoan" name="HomeTest1" time="0.021"/>
  <testcase classname="TestNGPractice.HousingLoan" name="HomeTest2" time="0.003"/>
  <testcase classname="TestNGPractice.HousingLoan" name="HomeTest3" time="0.005"/>
  <testcase classname="TestNGPractice.HousingLoan" name="MobileHomeTest3" time="0.0">
    <ignored/>
  </testcase> <!-- MobileHomeTest3 -->
</testsuite> <!-- HousingTest -->
